<?xml version="1.0" encoding="UTF-8"?>
<!-- Generated by org.testng.reporters.JUnitReportReporter -->
<testsuite hostname="DESKTOP-EVK9GMC" failures="0" tests="1" name="scripts.ProductDelivery" time="35.667" errors="0" timestamp="2020-10-12T23:22:32 IST" skipped="0">
  <testcase classname="scripts.ProductDelivery" name="test3" time="35.667"/>
</testsuite> <!-- scripts.ProductDelivery -->
