<?xml version="1.0" encoding="UTF-8"?>
<!-- Generated by org.testng.reporters.JUnitReportReporter -->
<testsuite hostname="DESKTOP-EVK9GMC" failures="0" tests="1" name="scripts.WhishlistName" time="47.412" errors="0" timestamp="2020-10-12T23:22:32 IST" skipped="0">
  <testcase classname="scripts.WhishlistName" name="test2" time="47.412"/>
</testsuite> <!-- scripts.WhishlistName -->
